2025-05-22 22:40:55 [INFO]: Logger initialized in development mode
2025-05-22 22:40:55 [INFO]: Log files stored in: C:\Users\Aswanth Rajan\OneDrive\Desktop\project\deployease\backend\logs
2025-05-22 22:40:55 [INFO]: Server running in development mode on port 3000
2025-05-22 22:40:55 [INFO]: WebSocket initialization attempt 1/5
2025-05-22 22:40:55 [INFO]: WebSocket initialization attempt 1/5
2025-05-22 22:40:55 [INFO]: WebSocket server is running on port 3001
2025-05-22 22:40:55 [INFO]: WebSocket server successfully initialized on port 3001
2025-05-22 22:40:58 [INFO]: New WebSocket connection from ::1 (ID: vgomu5uz748wh06x9eznm8)
2025-05-22 22:40:58 [INFO]: Received subscribe message from vgomu5uz748wh06x9eznm8
2025-05-22 22:41:58 [INFO]: New deployment request received
2025-05-22 22:42:02 [INFO]: Deployment successful to blue branch
2025-05-22 22:42:02 [INFO]: Triggering build hook for blue branch: https://api.netlify....
2025-05-22 22:42:04 [ERROR]: Failed to trigger deployment for branch blue:
2025-05-22 22:42:04 [ERROR]: Deployment failed
2025-05-22 22:42:05 [INFO]: Attempting to update redirects (attempt 1/3)
2025-05-22 22:42:05 [INFO]: No build hook configured for main branch, using API deployment
2025-05-22 22:42:05 [ERROR]: Cache purge failed:
2025-05-22 22:42:06 [INFO]: Netlify build started for main
2025-05-22 22:42:14 [ERROR]: Failed to create commit on branch main [bcdfc5a8]: Object does not exist
2025-05-22 22:42:14 [ERROR]: Deployment failed [bd935fa4]: Failed to create commit on branch main. Error ID: bcdfc5a8
2025-05-22 22:42:14 [WARN]: Redirect update attempt 1 failed
2025-05-22 22:42:15 [INFO]: Attempting to update redirects (attempt 2/3)
2025-05-22 22:42:19 [INFO]: Deployment successful to main branch
2025-05-22 22:42:20 [ERROR]: Cache purge failed:
2025-05-22 22:42:20 [INFO]: Redirects updated to blue branch
2025-05-22 22:42:20 [INFO]: Traffic switched to blue
2025-05-22 22:42:34 [INFO]: WebSocket connection closed: vgomu5uz748wh06x9eznm8
2025-05-22 22:42:36 [INFO]: SIGINT received - shutting down
2025-05-22 22:49:45 [INFO]: Logger initialized in development mode
2025-05-22 22:49:45 [INFO]: Log files stored in: C:\Users\Aswanth Rajan\OneDrive\Desktop\project\deployease\backend\logs
2025-05-22 22:49:45 [INFO]: Server running in development mode on port 3000
2025-05-22 22:49:45 [INFO]: WebSocket initialization attempt 1/5
2025-05-22 22:49:45 [INFO]: WebSocket initialization attempt 1/5
2025-05-22 22:49:45 [INFO]: WebSocket server is running on port 3001
2025-05-22 22:49:45 [INFO]: WebSocket server successfully initialized on port 3001
2025-05-22 22:49:47 [INFO]: New WebSocket connection from ::1 (ID: keneejvr0mrp412p631u4c)
2025-05-22 22:49:47 [INFO]: Received subscribe message from keneejvr0mrp412p631u4c
2025-05-22 22:49:58 [INFO]: SIGINT received - shutting down
2025-05-22 22:49:58 [INFO]: WebSocket server closed gracefully
2025-05-22 22:59:33 [INFO]: Logger initialized in development mode
2025-05-22 22:59:33 [INFO]: Log files stored in: C:\Users\Aswanth Rajan\OneDrive\Desktop\project\deployease\backend\logs
2025-05-22 22:59:33 [INFO]: Server running in development mode on port 3000
2025-05-22 22:59:33 [INFO]: WebSocket initialization attempt 1/5
2025-05-22 22:59:33 [INFO]: WebSocket initialization attempt 1/5
2025-05-22 22:59:33 [INFO]: WebSocket server is running on port 3001
2025-05-22 22:59:33 [INFO]: WebSocket server successfully initialized on port 3001
2025-05-22 22:59:34 [INFO]: New WebSocket connection from ::1 (ID: gm51xna8wzkzj9jazr9p5n)
2025-05-22 22:59:34 [INFO]: Received subscribe message from gm51xna8wzkzj9jazr9p5n
2025-05-22 23:00:04 [INFO]: WebSocket connection closed: gm51xna8wzkzj9jazr9p5n
2025-05-22 23:00:04 [INFO]: New WebSocket connection from ::1 (ID: lmj8mcu7tplgy7vspy47a)
2025-05-22 23:00:04 [INFO]: Received subscribe message from lmj8mcu7tplgy7vspy47a
2025-05-22 23:00:11 [INFO]: WebSocket connection closed: lmj8mcu7tplgy7vspy47a
2025-05-22 23:00:13 [INFO]: SIGINT received - shutting down
2025-05-22 23:36:31 [INFO]: Logger initialized in development mode
2025-05-22 23:36:31 [INFO]: Log files stored in: C:\Users\Aswanth Rajan\OneDrive\Desktop\project\deployease\backend\logs
2025-05-22 23:36:32 [INFO]: Server running in development mode on port 3000
2025-05-22 23:36:32 [INFO]: WebSocket initialization attempt 1/5
2025-05-22 23:36:32 [INFO]: WebSocket initialization attempt 1/5
2025-05-22 23:36:32 [INFO]: WebSocket server is running on port 3001
2025-05-22 23:36:32 [INFO]: WebSocket server successfully initialized on port 3001
2025-05-22 23:36:36 [INFO]: New WebSocket connection from ::1 (ID: mlfq59a3cb80wuxyzbxt5)
2025-05-22 23:36:36 [INFO]: Received subscribe message from mlfq59a3cb80wuxyzbxt5
2025-05-22 23:36:38 [INFO]: WebSocket connection closed: mlfq59a3cb80wuxyzbxt5
2025-05-22 23:36:38 [INFO]: New WebSocket connection from ::1 (ID: ay90upv1vw57pv6ezkfzqj)
2025-05-22 23:36:38 [INFO]: Received subscribe message from ay90upv1vw57pv6ezkfzqj
2025-05-22 23:36:38 [INFO]: WebSocket connection closed: ay90upv1vw57pv6ezkfzqj
2025-05-22 23:36:38 [INFO]: New WebSocket connection from ::1 (ID: 2b8djpkpx9tkgi3b68uyud)
2025-05-22 23:36:38 [INFO]: Received subscribe message from 2b8djpkpx9tkgi3b68uyud
2025-05-22 23:36:38 [INFO]: WebSocket connection closed: 2b8djpkpx9tkgi3b68uyud
2025-05-22 23:36:38 [INFO]: New WebSocket connection from ::1 (ID: 5vbwu8v4vmfqezwpabui4d)
2025-05-22 23:36:38 [INFO]: Received subscribe message from 5vbwu8v4vmfqezwpabui4d
2025-05-22 23:36:39 [INFO]: WebSocket connection closed: 5vbwu8v4vmfqezwpabui4d
2025-05-22 23:36:39 [INFO]: New WebSocket connection from ::1 (ID: uyv9p2eyja5le9u4uqpui)
2025-05-22 23:36:39 [INFO]: Received subscribe message from uyv9p2eyja5le9u4uqpui
2025-05-22 23:36:39 [INFO]: WebSocket connection closed: uyv9p2eyja5le9u4uqpui
2025-05-22 23:36:39 [INFO]: New WebSocket connection from ::1 (ID: 22k0rt4rwb4hydqpa9l2bb)
2025-05-22 23:36:39 [INFO]: Received subscribe message from 22k0rt4rwb4hydqpa9l2bb
2025-05-22 23:36:39 [INFO]: WebSocket connection closed: 22k0rt4rwb4hydqpa9l2bb
2025-05-22 23:36:39 [INFO]: New WebSocket connection from ::1 (ID: ttb70ngg9ufjojj4e4i1z)
2025-05-22 23:36:39 [INFO]: Received subscribe message from ttb70ngg9ufjojj4e4i1z
2025-05-22 23:36:39 [INFO]: WebSocket connection closed: ttb70ngg9ufjojj4e4i1z
2025-05-22 23:36:39 [INFO]: New WebSocket connection from ::1 (ID: 3v93eiamibf43g98sypeek)
2025-05-22 23:36:39 [INFO]: Received subscribe message from 3v93eiamibf43g98sypeek
2025-05-22 23:36:39 [INFO]: WebSocket connection closed: 3v93eiamibf43g98sypeek
2025-05-22 23:36:39 [INFO]: New WebSocket connection from ::1 (ID: 2bui6ghwj6749u834xp0s)
2025-05-22 23:36:39 [INFO]: Received subscribe message from 2bui6ghwj6749u834xp0s
2025-05-22 23:36:39 [INFO]: SIGINT received - shutting down
2025-05-22 23:36:39 [INFO]: WebSocket server closed gracefully
2025-05-22 23:36:50 [INFO]: Logger initialized in development mode
2025-05-22 23:36:50 [INFO]: Log files stored in: C:\Users\Aswanth Rajan\OneDrive\Desktop\project\deployease\backend\logs
2025-05-22 23:36:50 [INFO]: Server running in development mode on port 3000
2025-05-22 23:36:50 [INFO]: WebSocket initialization attempt 1/5
2025-05-22 23:36:50 [INFO]: WebSocket initialization attempt 1/5
2025-05-22 23:36:50 [WARN]: Could not safely determine PID using port 3001, skipping kill step
2025-05-22 23:36:50 [INFO]: WebSocket server is running on port 3001
2025-05-22 23:36:50 [INFO]: WebSocket server successfully initialized on port 3001
2025-05-22 23:36:54 [INFO]: New WebSocket connection from ::1 (ID: kg4csxoqcuefhiyh8xlced)
2025-05-22 23:36:54 [INFO]: Received subscribe message from kg4csxoqcuefhiyh8xlced
2025-05-22 23:37:06 [INFO]: Attempting to update redirects (attempt 1/3)
2025-05-22 23:37:06 [INFO]: No build hook configured for main branch, using API deployment
2025-05-22 23:37:07 [ERROR]: Cache purge failed:
2025-05-22 23:37:07 [INFO]: Netlify build started for main
2025-05-22 23:37:13 [INFO]: Deployment successful to main branch
2025-05-22 23:37:16 [ERROR]: Cache purge failed:
2025-05-22 23:37:16 [INFO]: Redirects updated to blue branch
2025-05-22 23:37:16 [INFO]: Traffic switched to blue
2025-05-22 23:37:32 [INFO]: WebSocket connection closed: kg4csxoqcuefhiyh8xlced
2025-05-22 23:37:32 [INFO]: New WebSocket connection from ::1 (ID: 1i60kif8ugpjkyc6trmympe)
2025-05-22 23:37:32 [INFO]: Received subscribe message from 1i60kif8ugpjkyc6trmympe
2025-05-22 23:37:38 [INFO]: WebSocket connection closed: 1i60kif8ugpjkyc6trmympe
2025-05-22 23:37:38 [INFO]: New WebSocket connection from ::1 (ID: 3tofjvtn0ptwi1f87ccg)
2025-05-22 23:37:38 [INFO]: Received subscribe message from 3tofjvtn0ptwi1f87ccg
2025-05-22 23:39:24 [INFO]: WebSocket connection closed: 3tofjvtn0ptwi1f87ccg
2025-05-22 23:39:24 [INFO]: New WebSocket connection from ::1 (ID: 3on4gcc6l2urfm9furmzle)
2025-05-22 23:39:24 [INFO]: Received subscribe message from 3on4gcc6l2urfm9furmzle
2025-05-22 23:39:37 [INFO]: WebSocket connection closed: 3on4gcc6l2urfm9furmzle
2025-05-22 23:39:37 [INFO]: New WebSocket connection from ::1 (ID: d6rmonp6vovjj14svt78)
2025-05-22 23:39:37 [INFO]: Received subscribe message from d6rmonp6vovjj14svt78
2025-05-22 23:39:43 [INFO]: WebSocket connection closed: d6rmonp6vovjj14svt78
2025-05-22 23:39:43 [INFO]: New WebSocket connection from ::1 (ID: i1z2xn5h5hrh7qmpmddaup)
2025-05-22 23:39:43 [INFO]: Received subscribe message from i1z2xn5h5hrh7qmpmddaup
2025-05-22 23:39:56 [INFO]: Attempting to update redirects (attempt 1/3)
2025-05-22 23:39:56 [INFO]: No build hook configured for main branch, using API deployment
2025-05-22 23:39:59 [ERROR]: Cache purge failed:
2025-05-22 23:39:59 [INFO]: Netlify build started for main
2025-05-22 23:40:01 [INFO]: Deployment successful to main branch
2025-05-22 23:40:01 [ERROR]: Cache purge failed:
2025-05-22 23:40:01 [INFO]: Redirects updated to blue branch
2025-05-22 23:40:01 [INFO]: Traffic switched to blue
2025-05-22 23:40:02 [INFO]: WebSocket connection closed: i1z2xn5h5hrh7qmpmddaup
2025-05-22 23:40:02 [INFO]: New WebSocket connection from ::1 (ID: 0pvw8jvui2qposb7a0vmrni)
2025-05-22 23:40:02 [INFO]: Received subscribe message from 0pvw8jvui2qposb7a0vmrni
2025-05-22 23:40:21 [INFO]: WebSocket connection closed: 0pvw8jvui2qposb7a0vmrni
2025-05-22 23:40:21 [INFO]: New WebSocket connection from ::1 (ID: uthmgig6m25nrf3hfwtij)
2025-05-22 23:40:21 [INFO]: Received subscribe message from uthmgig6m25nrf3hfwtij
2025-05-22 23:40:26 [INFO]: WebSocket connection closed: uthmgig6m25nrf3hfwtij
2025-05-22 23:40:26 [INFO]: New WebSocket connection from ::1 (ID: k9th9vs1pq8cr1rs600sjc)
2025-05-22 23:40:26 [INFO]: Received subscribe message from k9th9vs1pq8cr1rs600sjc
2025-05-22 23:40:30 [INFO]: WebSocket connection closed: k9th9vs1pq8cr1rs600sjc
2025-05-22 23:40:30 [INFO]: New WebSocket connection from ::1 (ID: 6rhv4d0jw8df5o3mdqha18)
2025-05-22 23:40:30 [INFO]: Received subscribe message from 6rhv4d0jw8df5o3mdqha18
2025-05-22 23:40:40 [INFO]: WebSocket connection closed: 6rhv4d0jw8df5o3mdqha18
2025-05-22 23:40:40 [INFO]: New WebSocket connection from ::1 (ID: cp9ispt0jdn85nsgm292nj)
2025-05-22 23:40:40 [INFO]: Received subscribe message from cp9ispt0jdn85nsgm292nj
2025-05-22 23:41:03 [INFO]: Attempting to update redirects (attempt 1/3)
2025-05-22 23:41:03 [INFO]: No build hook configured for main branch, using API deployment
2025-05-22 23:41:06 [ERROR]: Cache purge failed:
2025-05-22 23:41:06 [INFO]: Netlify build started for main
2025-05-22 23:41:09 [INFO]: Deployment successful to main branch
2025-05-22 23:41:09 [ERROR]: Cache purge failed:
2025-05-22 23:41:09 [INFO]: Redirects updated to blue branch
2025-05-22 23:41:09 [INFO]: Traffic switched to blue
2025-05-22 23:41:15 [INFO]: WebSocket connection closed: cp9ispt0jdn85nsgm292nj
2025-05-22 23:41:15 [INFO]: New WebSocket connection from ::1 (ID: heqq5crgbiulq9y8w3de3)
2025-05-22 23:41:15 [INFO]: Received subscribe message from heqq5crgbiulq9y8w3de3
2025-05-22 23:41:30 [INFO]: WebSocket connection closed: heqq5crgbiulq9y8w3de3
2025-05-22 23:41:37 [INFO]: SIGINT received - shutting down
2025-05-23 06:15:17 [INFO]: Logger initialized in development mode
2025-05-23 06:15:17 [INFO]: Log files stored in: C:\Users\Aswanth Rajan\OneDrive\Desktop\project\deployease\backend\logs
2025-05-23 06:15:17 [INFO]: Server running in development mode on port 3000
2025-05-23 06:15:17 [INFO]: WebSocket initialization attempt 1/5
2025-05-23 06:15:17 [INFO]: WebSocket initialization attempt 1/5
2025-05-23 06:15:17 [INFO]: WebSocket server is running on port 3001
2025-05-23 06:15:17 [INFO]: WebSocket server successfully initialized on port 3001
2025-05-23 06:15:17 [INFO]: New WebSocket connection from ::1 (ID: gq0rlbottzhg0rx3awzdm7)
2025-05-23 06:15:17 [INFO]: Received subscribe message from gq0rlbottzhg0rx3awzdm7
2025-05-23 06:15:18 [INFO]: WebSocket connection closed: gq0rlbottzhg0rx3awzdm7
2025-05-23 06:15:18 [INFO]: New WebSocket connection from ::1 (ID: 0vjjb2wqjc8tnyg6wtfpi)
2025-05-23 06:15:18 [INFO]: Received subscribe message from 0vjjb2wqjc8tnyg6wtfpi
2025-05-23 06:15:18 [INFO]: WebSocket connection closed: 0vjjb2wqjc8tnyg6wtfpi
2025-05-23 06:15:18 [INFO]: New WebSocket connection from ::1 (ID: thg3cnigocqwz9bxznrlr)
2025-05-23 06:15:18 [INFO]: Received subscribe message from thg3cnigocqwz9bxznrlr
2025-05-23 06:15:18 [INFO]: WebSocket connection closed: thg3cnigocqwz9bxznrlr
2025-05-23 06:15:18 [INFO]: New WebSocket connection from ::1 (ID: bwhfz1w6k345qi9l3khks)
2025-05-23 06:15:18 [INFO]: Received subscribe message from bwhfz1w6k345qi9l3khks
2025-05-23 06:15:18 [INFO]: WebSocket connection closed: bwhfz1w6k345qi9l3khks
2025-05-23 06:15:18 [INFO]: New WebSocket connection from ::1 (ID: 407e97k31i2ys89t942s3i)
2025-05-23 06:15:18 [INFO]: Received subscribe message from 407e97k31i2ys89t942s3i
2025-05-23 06:15:18 [INFO]: WebSocket connection closed: 407e97k31i2ys89t942s3i
2025-05-23 06:15:18 [INFO]: New WebSocket connection from ::1 (ID: berjde9hfwmz03iztdu2o)
2025-05-23 06:15:18 [INFO]: Received subscribe message from berjde9hfwmz03iztdu2o
2025-05-23 06:15:18 [INFO]: WebSocket connection closed: berjde9hfwmz03iztdu2o
2025-05-23 06:15:19 [INFO]: New WebSocket connection from ::1 (ID: 2xq3hllp1gts9il5t5qo8q)
2025-05-23 06:15:19 [INFO]: Received subscribe message from 2xq3hllp1gts9il5t5qo8q
2025-05-23 06:15:19 [INFO]: WebSocket connection closed: 2xq3hllp1gts9il5t5qo8q
2025-05-23 06:15:19 [INFO]: New WebSocket connection from ::1 (ID: rkomuqa3lucp8s7jlglmxc)
2025-05-23 06:15:19 [INFO]: Received subscribe message from rkomuqa3lucp8s7jlglmxc
2025-05-23 06:15:19 [INFO]: WebSocket connection closed: rkomuqa3lucp8s7jlglmxc
2025-05-23 06:15:19 [INFO]: New WebSocket connection from ::1 (ID: 9ultdju9z3s7skl2ldckae)
2025-05-23 06:15:19 [INFO]: Received subscribe message from 9ultdju9z3s7skl2ldckae
2025-05-23 06:15:19 [INFO]: WebSocket connection closed: 9ultdju9z3s7skl2ldckae
2025-05-23 06:15:19 [INFO]: New WebSocket connection from ::1 (ID: 52n38lkcxf5f9ee68mbj0p)
2025-05-23 06:15:19 [INFO]: Received subscribe message from 52n38lkcxf5f9ee68mbj0p
2025-05-23 06:15:19 [INFO]: WebSocket connection closed: 52n38lkcxf5f9ee68mbj0p
2025-05-23 06:15:19 [INFO]: New WebSocket connection from ::1 (ID: sbf7mbvjfbf14w5wsi7jnr)
2025-05-23 06:15:19 [INFO]: Received subscribe message from sbf7mbvjfbf14w5wsi7jnr
2025-05-23 06:15:19 [WARN]: Attempted to send message to unknown client: gq0rlbottzhg0rx3awzdm7
2025-05-23 06:15:19 [WARN]: Attempted to send message to unknown client: 2xq3hllp1gts9il5t5qo8q
2025-05-23 06:15:19 [WARN]: Attempted to send message to unknown client: 0vjjb2wqjc8tnyg6wtfpi
2025-05-23 06:15:19 [WARN]: Attempted to send message to unknown client: bwhfz1w6k345qi9l3khks
2025-05-23 06:15:19 [INFO]: WebSocket connection closed: sbf7mbvjfbf14w5wsi7jnr
2025-05-23 06:15:19 [WARN]: Attempted to send message to unknown client: 407e97k31i2ys89t942s3i
2025-05-23 06:15:19 [WARN]: Attempted to send message to unknown client: rkomuqa3lucp8s7jlglmxc
2025-05-23 06:15:19 [INFO]: New WebSocket connection from ::1 (ID: sy7vg7uz5kno8yiwtct5c)
2025-05-23 06:15:19 [INFO]: Received subscribe message from sy7vg7uz5kno8yiwtct5c
2025-05-23 06:15:19 [WARN]: Attempted to send message to unknown client: thg3cnigocqwz9bxznrlr
2025-05-23 06:15:19 [WARN]: Attempted to send message to unknown client: 9ultdju9z3s7skl2ldckae
2025-05-23 06:15:19 [WARN]: Attempted to send message to unknown client: berjde9hfwmz03iztdu2o
2025-05-23 06:15:19 [INFO]: WebSocket connection closed: sy7vg7uz5kno8yiwtct5c
2025-05-23 06:15:19 [INFO]: New WebSocket connection from ::1 (ID: urwbzqe7o9dd6ls6dtosuj)
2025-05-23 06:15:19 [INFO]: Received subscribe message from urwbzqe7o9dd6ls6dtosuj
2025-05-23 06:15:19 [WARN]: Attempted to send message to unknown client: 52n38lkcxf5f9ee68mbj0p
2025-05-23 06:15:20 [INFO]: WebSocket connection closed: urwbzqe7o9dd6ls6dtosuj
2025-05-23 06:15:20 [INFO]: New WebSocket connection from ::1 (ID: 55bl0nlrohg2zn30yw89t2)
2025-05-23 06:15:20 [INFO]: Received subscribe message from 55bl0nlrohg2zn30yw89t2
2025-05-23 06:15:20 [INFO]: WebSocket connection closed: 55bl0nlrohg2zn30yw89t2
2025-05-23 06:15:20 [WARN]: Attempted to send message to unknown client: sbf7mbvjfbf14w5wsi7jnr
2025-05-23 06:15:20 [INFO]: New WebSocket connection from ::1 (ID: 0mvrhmawf4hitcx22tdtco)
2025-05-23 06:15:20 [INFO]: SIGINT received - shutting down
2025-05-23 06:15:20 [INFO]: WebSocket server closed gracefully
2025-05-23 06:15:31 [INFO]: Logger initialized in development mode
2025-05-23 06:15:31 [INFO]: Log files stored in: C:\Users\Aswanth Rajan\OneDrive\Desktop\project\deployease\backend\logs
2025-05-23 06:15:31 [INFO]: Server running in development mode on port 3000
2025-05-23 06:15:31 [INFO]: WebSocket initialization attempt 1/5
2025-05-23 06:15:31 [INFO]: WebSocket initialization attempt 1/5
2025-05-23 06:15:31 [WARN]: Could not safely determine PID using port 3001, skipping kill step
2025-05-23 06:15:31 [INFO]: WebSocket server is running on port 3001
2025-05-23 06:15:31 [INFO]: WebSocket server successfully initialized on port 3001
2025-05-23 06:15:34 [INFO]: New WebSocket connection from ::1 (ID: xct4j8ienbpt79qiozsdam)
2025-05-23 06:15:34 [INFO]: Received subscribe message from xct4j8ienbpt79qiozsdam
2025-05-23 06:15:49 [INFO]: WebSocket connection closed: xct4j8ienbpt79qiozsdam
2025-05-23 06:15:49 [INFO]: New WebSocket connection from ::1 (ID: p3930tkn4dh9we1zqf5lli)
2025-05-23 06:15:49 [INFO]: Received subscribe message from p3930tkn4dh9we1zqf5lli
2025-05-23 06:15:58 [INFO]: Attempting to update redirects (attempt 1/3)
2025-05-23 06:15:58 [INFO]: No build hook configured for main branch, using API deployment
2025-05-23 06:16:02 [ERROR]: Cache purge failed:
2025-05-23 06:16:02 [INFO]: Netlify build started for main
2025-05-23 06:16:02 [INFO]: Deployment successful to main branch
2025-05-23 06:16:02 [ERROR]: Cache purge failed:
2025-05-23 06:16:02 [INFO]: Redirects updated to blue branch
2025-05-23 06:16:02 [INFO]: Traffic switched to blue
2025-05-23 06:20:44 [INFO]: SIGINT received - shutting down
2025-05-23 06:20:44 [INFO]: WebSocket server closed gracefully
2025-05-23 06:21:22 [INFO]: Logger initialized in development mode
2025-05-23 06:21:22 [INFO]: Log files stored in: C:\Users\Aswanth Rajan\OneDrive\Desktop\project\deployease\backend\logs
2025-05-23 06:21:22 [INFO]: Server running in development mode on port 3000
2025-05-23 06:21:22 [INFO]: WebSocket initialization attempt 1/5
2025-05-23 06:21:22 [INFO]: WebSocket initialization attempt 1/5
2025-05-23 06:21:22 [WARN]: Could not safely determine PID using port 3001, skipping kill step
2025-05-23 06:21:22 [INFO]: WebSocket server is running on port 3001
2025-05-23 06:21:22 [INFO]: WebSocket server successfully initialized on port 3001
2025-05-23 06:21:25 [INFO]: New WebSocket connection from ::1 (ID: zzbbnbwnhrer5q73sovn8g)
2025-05-23 06:21:25 [INFO]: Received subscribe message from zzbbnbwnhrer5q73sovn8g
2025-05-23 06:21:38 [INFO]: Attempting to update redirects (attempt 1/3)
2025-05-23 06:21:38 [INFO]: No build hook configured for main branch, using API deployment
2025-05-23 06:21:39 [ERROR]: Cache purge failed:
2025-05-23 06:21:39 [INFO]: Netlify build started for main
2025-05-23 06:21:42 [INFO]: Deployment successful to main branch
2025-05-23 06:21:43 [ERROR]: Cache purge failed:
2025-05-23 06:21:43 [INFO]: Redirects updated to blue branch
2025-05-23 06:21:43 [INFO]: Traffic switched to blue
2025-05-23 06:22:45 [INFO]: Attempting to update redirects (attempt 1/3)
2025-05-23 06:22:45 [INFO]: No build hook configured for main branch, using API deployment
2025-05-23 06:22:49 [INFO]: Deployment successful to main branch
2025-05-23 06:22:49 [ERROR]: Cache purge failed:
2025-05-23 06:22:49 [INFO]: Netlify build started for main
2025-05-23 06:22:53 [ERROR]: Cache purge failed:
2025-05-23 06:22:53 [INFO]: Redirects updated to blue branch
2025-05-23 06:22:53 [INFO]: Traffic switched to blue
2025-05-23 06:22:53 [INFO]: Attempting to update redirects (attempt 1/3)
2025-05-23 06:22:53 [INFO]: No build hook configured for main branch, using API deployment
2025-05-23 06:22:53 [ERROR]: Cache purge failed:
2025-05-23 06:22:53 [INFO]: Netlify build started for main
2025-05-23 06:22:57 [INFO]: Deployment successful to main branch
2025-05-23 06:22:57 [INFO]: Attempting to update redirects (attempt 1/3)
2025-05-23 06:22:57 [INFO]: No build hook configured for main branch, using API deployment
2025-05-23 06:22:57 [ERROR]: Cache purge failed:
2025-05-23 06:22:57 [INFO]: Redirects updated to blue branch
2025-05-23 06:22:57 [INFO]: Traffic switched to blue
2025-05-23 06:22:57 [ERROR]: Cache purge failed:
2025-05-23 06:22:57 [INFO]: Netlify build started for main
2025-05-23 06:23:00 [INFO]: Deployment successful to main branch
2025-05-23 06:23:00 [ERROR]: Cache purge failed:
2025-05-23 06:23:00 [INFO]: Redirects updated to blue branch
2025-05-23 06:23:00 [INFO]: Traffic switched to blue
2025-05-23 06:23:06 [INFO]: WebSocket connection closed: zzbbnbwnhrer5q73sovn8g
2025-05-23 06:23:06 [INFO]: New WebSocket connection from ::1 (ID: bypmv9fw4djzgv1pgql0ac)
2025-05-23 06:23:06 [INFO]: Received subscribe message from bypmv9fw4djzgv1pgql0ac
2025-05-23 06:24:02 [INFO]: Attempting to update redirects (attempt 1/3)
2025-05-23 06:24:02 [INFO]: No build hook configured for main branch, using API deployment
2025-05-23 06:24:04 [INFO]: Attempting to update redirects (attempt 1/3)
2025-05-23 06:24:04 [INFO]: No build hook configured for main branch, using API deployment
2025-05-23 06:24:05 [INFO]: Attempting to update redirects (attempt 1/3)
2025-05-23 06:24:05 [INFO]: No build hook configured for main branch, using API deployment
2025-05-23 06:24:06 [ERROR]: Cache purge failed:
2025-05-23 06:24:06 [INFO]: Attempting to update redirects (attempt 1/3)
2025-05-23 06:24:06 [INFO]: No build hook configured for main branch, using API deployment
2025-05-23 06:24:06 [INFO]: Netlify build started for main
2025-05-23 06:24:06 [INFO]: Deployment successful to main branch
2025-05-23 06:24:07 [ERROR]: Cache purge failed:
2025-05-23 06:24:07 [ERROR]: Cache purge failed:
2025-05-23 06:24:07 [INFO]: Redirects updated to blue branch
2025-05-23 06:24:07 [INFO]: Traffic switched to blue
2025-05-23 06:24:07 [INFO]: Attempting to update redirects (attempt 1/3)
2025-05-23 06:24:07 [INFO]: No build hook configured for main branch, using API deployment
2025-05-23 06:24:08 [ERROR]: Failed to create commit on branch main [10160196]: Update is not a fast forward
2025-05-23 06:24:08 [ERROR]: Deployment failed [219816c9]: Failed to create commit on branch main. Error ID: 10160196
2025-05-23 06:24:08 [WARN]: Redirect update attempt 1 failed
2025-05-23 06:24:08 [ERROR]: Failed to create commit on branch main [789adc95]: Update is not a fast forward
2025-05-23 06:24:08 [ERROR]: Deployment failed [4467d5b0]: Failed to create commit on branch main. Error ID: 789adc95
2025-05-23 06:24:08 [WARN]: Redirect update attempt 1 failed
2025-05-23 06:24:08 [ERROR]: Cache purge failed:
2025-05-23 06:24:08 [INFO]: Netlify build started for main
2025-05-23 06:24:09 [INFO]: Attempting to update redirects (attempt 2/3)
2025-05-23 06:24:09 [INFO]: Attempting to update redirects (attempt 2/3)
2025-05-23 06:24:09 [ERROR]: Cache purge failed:
2025-05-23 06:24:09 [INFO]: Netlify build started for main
2025-05-23 06:24:10 [INFO]: Deployment successful to main branch
2025-05-23 06:24:10 [ERROR]: Failed to create commit on branch main [0566f7a8]: Update is not a fast forward
2025-05-23 06:24:10 [ERROR]: Deployment failed [88623252]: Failed to create commit on branch main. Error ID: 0566f7a8
2025-05-23 06:24:10 [WARN]: Redirect update attempt 1 failed
2025-05-23 06:24:10 [ERROR]: Cache purge failed:
2025-05-23 06:24:10 [INFO]: Redirects updated to blue branch
2025-05-23 06:24:10 [INFO]: Netlify build started for main
2025-05-23 06:24:10 [INFO]: Traffic switched to blue
2025-05-23 06:24:11 [INFO]: Attempting to update redirects (attempt 2/3)
2025-05-23 06:24:11 [ERROR]: Cache purge failed:
2025-05-23 06:24:11 [INFO]: Netlify build started for main
2025-05-23 06:24:11 [INFO]: Traffic switched to blue
2025-05-23 06:24:12 [ERROR]: Failed to create commit on branch main [9eea79fe]: Update is not a fast forward
2025-05-23 06:24:12 [ERROR]: Deployment failed [96cf55fd]: Failed to create commit on branch main. Error ID: 9eea79fe
2025-05-23 06:24:12 [WARN]: Redirect update attempt 2 failed
2025-05-23 06:24:12 [INFO]: Deployment successful to main branch
2025-05-23 06:24:13 [ERROR]: Cache purge failed:
2025-05-23 06:24:13 [INFO]: Redirects updated to blue branch
2025-05-23 06:24:13 [INFO]: Traffic switched to blue
2025-05-23 06:24:14 [INFO]: Attempting to update redirects (attempt 3/3)
2025-05-23 06:24:14 [INFO]: Traffic switched to blue
2025-05-23 06:24:34 [INFO]: SIGINT received - shutting down
2025-05-23 06:24:34 [INFO]: WebSocket server closed gracefully
2025-05-23 06:26:10 [INFO]: Logger initialized in development mode
2025-05-23 06:26:10 [INFO]: Log files stored in: C:\Users\Aswanth Rajan\OneDrive\Desktop\project\deployease\backend\logs
2025-05-23 06:26:10 [INFO]: Server running in development mode on port 3000
2025-05-23 06:26:10 [INFO]: WebSocket initialization attempt 1/5
2025-05-23 06:26:10 [INFO]: WebSocket initialization attempt 1/5
2025-05-23 06:26:10 [WARN]: Could not safely determine PID using port 3001, skipping kill step
2025-05-23 06:26:10 [INFO]: WebSocket server is running on port 3001
2025-05-23 06:26:10 [INFO]: WebSocket server successfully initialized on port 3001
2025-05-23 06:26:12 [INFO]: New WebSocket connection from ::1 (ID: fwc61bdxl6mt9q7nzhkj)
2025-05-23 06:26:12 [INFO]: WebSocket connection closed: fwc61bdxl6mt9q7nzhkj
2025-05-23 06:26:13 [WARN]: Attempted to send message to unknown client: fwc61bdxl6mt9q7nzhkj
2025-05-23 06:26:13 [INFO]: New WebSocket connection from ::1 (ID: kkq6lctu7e3kxtb0y78qh)
2025-05-23 06:26:13 [INFO]: Received subscribe message from kkq6lctu7e3kxtb0y78qh
2025-05-23 06:26:25 [INFO]: Attempting to update redirects (attempt 1/3)
2025-05-23 06:26:25 [INFO]: No build hook configured for main branch, using API deployment
2025-05-23 06:26:25 [ERROR]: Cache purge failed:
2025-05-23 06:26:25 [INFO]: Netlify build started for main
2025-05-23 06:26:29 [INFO]: Deployment successful to main branch
2025-05-23 06:26:29 [ERROR]: Cache purge failed:
2025-05-23 06:26:29 [INFO]: Redirects updated to blue branch
2025-05-23 06:26:29 [INFO]: Traffic switched to blue
2025-05-23 06:31:42 [INFO]: WebSocket connection closed: kkq6lctu7e3kxtb0y78qh
2025-05-23 06:31:42 [INFO]: New WebSocket connection from ::1 (ID: qplk8m6zlajtznb8njw6pq)
2025-05-23 06:31:42 [INFO]: Received subscribe message from qplk8m6zlajtznb8njw6pq
2025-05-23 06:31:44 [INFO]: SIGINT received - shutting down
2025-05-23 06:31:44 [INFO]: WebSocket server closed gracefully
2025-05-23 06:32:20 [INFO]: Logger initialized in development mode
2025-05-23 06:32:20 [INFO]: Log files stored in: C:\Users\Aswanth Rajan\OneDrive\Desktop\project\deployease\backend\logs
2025-05-23 06:32:21 [INFO]: Server running in development mode on port 3000
2025-05-23 06:32:21 [INFO]: WebSocket initialization attempt 1/5
2025-05-23 06:32:21 [INFO]: WebSocket initialization attempt 1/5
2025-05-23 06:32:21 [WARN]: Could not safely determine PID using port 3001, skipping kill step
2025-05-23 06:32:21 [INFO]: WebSocket server is running on port 3001
2025-05-23 06:32:21 [INFO]: WebSocket server successfully initialized on port 3001
2025-05-23 06:32:23 [INFO]: New WebSocket connection from ::1 (ID: d6odhvhbnu8c978zy3o5jk)
2025-05-23 06:32:23 [INFO]: Received subscribe message from d6odhvhbnu8c978zy3o5jk
2025-05-23 06:32:38 [INFO]: Attempting to update redirects (attempt 1/3)
2025-05-23 06:32:38 [INFO]: No build hook configured for main branch, using API deployment
2025-05-23 06:32:39 [ERROR]: Cache purge failed:
2025-05-23 06:32:39 [INFO]: Netlify build started for main
2025-05-23 06:32:43 [INFO]: Deployment successful to main branch
2025-05-23 06:32:43 [ERROR]: Cache purge failed:
2025-05-23 06:32:43 [INFO]: Redirects updated to green branch
2025-05-23 06:32:43 [INFO]: Traffic switched to green
2025-05-23 06:32:55 [INFO]: Attempting to update redirects (attempt 1/3)
2025-05-23 06:32:55 [INFO]: No build hook configured for main branch, using API deployment
2025-05-23 06:32:59 [INFO]: Deployment successful to main branch
2025-05-23 06:32:59 [ERROR]: Cache purge failed:
2025-05-23 06:32:59 [INFO]: Netlify build started for main
2025-05-23 06:33:03 [ERROR]: Cache purge failed:
2025-05-23 06:33:03 [INFO]: Redirects updated to blue branch
2025-05-23 06:33:03 [INFO]: Traffic switched to blue
2025-05-23 06:33:14 [INFO]: Attempting to update redirects (attempt 1/3)
2025-05-23 06:33:14 [INFO]: No build hook configured for main branch, using API deployment
2025-05-23 06:33:18 [ERROR]: Cache purge failed:
2025-05-23 06:33:18 [INFO]: Netlify build started for main
2025-05-23 06:33:18 [INFO]: Deployment successful to main branch
2025-05-23 06:33:19 [ERROR]: Cache purge failed:
2025-05-23 06:33:19 [INFO]: Redirects updated to green branch
2025-05-23 06:33:19 [INFO]: Traffic switched to green
2025-05-23 06:33:27 [INFO]: WebSocket connection closed: d6odhvhbnu8c978zy3o5jk
2025-05-23 06:33:29 [INFO]: SIGINT received - shutting down
2025-05-23 09:39:41 [INFO]: Logger initialized in development mode
2025-05-23 09:39:41 [INFO]: Log files stored in: C:\Users\Aswanth Rajan\OneDrive\Desktop\project\deployease\backend\logs
2025-05-23 09:39:41 [INFO]: Server running in development mode on port 3000
2025-05-23 09:39:41 [INFO]: WebSocket initialization attempt 1/5
2025-05-23 09:39:41 [INFO]: WebSocket initialization attempt 1/5
2025-05-23 09:39:41 [INFO]: WebSocket server is running on port 3001
2025-05-23 09:39:41 [INFO]: WebSocket server successfully initialized on port 3001
2025-05-23 09:39:45 [INFO]: New WebSocket connection from ::1 (ID: snj2qc36pftrh6vpj371q)
2025-05-23 09:39:45 [INFO]: Received subscribe message from snj2qc36pftrh6vpj371q
2025-05-23 09:39:47 [INFO]: WebSocket connection closed: snj2qc36pftrh6vpj371q
2025-05-23 09:39:47 [INFO]: New WebSocket connection from ::1 (ID: 431l5514mfe448j1prk7tf)
2025-05-23 09:39:47 [INFO]: Received subscribe message from 431l5514mfe448j1prk7tf
2025-05-23 09:39:47 [INFO]: WebSocket connection closed: 431l5514mfe448j1prk7tf
2025-05-23 09:39:47 [INFO]: New WebSocket connection from ::1 (ID: 5j04pwu3i0dur1tzeblpvp)
2025-05-23 09:39:47 [INFO]: Received subscribe message from 5j04pwu3i0dur1tzeblpvp
2025-05-23 09:39:47 [INFO]: WebSocket connection closed: 5j04pwu3i0dur1tzeblpvp
2025-05-23 09:39:47 [INFO]: New WebSocket connection from ::1 (ID: xgb9e2dmo0qmjtzeaqt0zt)
2025-05-23 09:39:47 [INFO]: Received subscribe message from xgb9e2dmo0qmjtzeaqt0zt
2025-05-23 09:39:48 [INFO]: WebSocket connection closed: xgb9e2dmo0qmjtzeaqt0zt
2025-05-23 09:39:48 [INFO]: New WebSocket connection from ::1 (ID: ew0gbzwac0aocqd0tugtr9)
2025-05-23 09:39:48 [INFO]: Received subscribe message from ew0gbzwac0aocqd0tugtr9
2025-05-23 09:39:48 [INFO]: WebSocket connection closed: ew0gbzwac0aocqd0tugtr9
2025-05-23 09:39:48 [INFO]: New WebSocket connection from ::1 (ID: a1nqcm82c3ea7yvliq2jq)
2025-05-23 09:39:48 [INFO]: Received subscribe message from a1nqcm82c3ea7yvliq2jq
2025-05-23 09:39:48 [INFO]: WebSocket connection closed: a1nqcm82c3ea7yvliq2jq
2025-05-23 09:39:48 [INFO]: New WebSocket connection from ::1 (ID: m94w5nlgh3stxjlgb77e)
2025-05-23 09:39:48 [INFO]: Received subscribe message from m94w5nlgh3stxjlgb77e
2025-05-23 09:39:48 [INFO]: WebSocket connection closed: m94w5nlgh3stxjlgb77e
2025-05-23 09:39:48 [INFO]: New WebSocket connection from ::1 (ID: 7sslq1xru2ixbf1fv4wskg)
2025-05-23 09:39:48 [INFO]: Received subscribe message from 7sslq1xru2ixbf1fv4wskg
2025-05-23 09:39:48 [INFO]: WebSocket connection closed: 7sslq1xru2ixbf1fv4wskg
2025-05-23 09:39:48 [INFO]: New WebSocket connection from ::1 (ID: cz02jan5w2ajy9kr9wi6rh)
2025-05-23 09:39:48 [INFO]: Received subscribe message from cz02jan5w2ajy9kr9wi6rh
2025-05-23 09:39:48 [INFO]: WebSocket connection closed: cz02jan5w2ajy9kr9wi6rh
2025-05-23 09:39:48 [INFO]: New WebSocket connection from ::1 (ID: zgbl2ks1mfroh84eo71e)
2025-05-23 09:39:48 [INFO]: Received subscribe message from zgbl2ks1mfroh84eo71e
2025-05-23 09:39:48 [INFO]: WebSocket connection closed: zgbl2ks1mfroh84eo71e
2025-05-23 09:39:49 [INFO]: New WebSocket connection from ::1 (ID: 0vyhd1wyvk9ihrzfpn19q)
2025-05-23 09:39:49 [INFO]: Received subscribe message from 0vyhd1wyvk9ihrzfpn19q
2025-05-23 09:39:49 [INFO]: WebSocket connection closed: 0vyhd1wyvk9ihrzfpn19q
2025-05-23 09:39:49 [INFO]: New WebSocket connection from ::1 (ID: r77vt0ge42i0eh51l2ghs)
2025-05-23 09:39:49 [INFO]: Received subscribe message from r77vt0ge42i0eh51l2ghs
2025-05-23 09:39:49 [INFO]: WebSocket connection closed: r77vt0ge42i0eh51l2ghs
2025-05-23 09:39:49 [INFO]: New WebSocket connection from ::1 (ID: x8w6o3azzddo8stci1mhs)
2025-05-23 09:39:49 [INFO]: Received subscribe message from x8w6o3azzddo8stci1mhs
2025-05-23 09:39:49 [INFO]: WebSocket connection closed: x8w6o3azzddo8stci1mhs
2025-05-23 09:39:49 [INFO]: New WebSocket connection from ::1 (ID: kxl5pg310pstjrbpk9g6vd)
2025-05-23 09:39:49 [INFO]: Received subscribe message from kxl5pg310pstjrbpk9g6vd
2025-05-23 09:39:49 [INFO]: WebSocket connection closed: kxl5pg310pstjrbpk9g6vd
2025-05-23 09:39:49 [INFO]: New WebSocket connection from ::1 (ID: z2k8vffesuplkbvx88soa)
2025-05-23 09:39:49 [INFO]: Received subscribe message from z2k8vffesuplkbvx88soa
2025-05-23 09:39:49 [INFO]: WebSocket connection closed: z2k8vffesuplkbvx88soa
2025-05-23 09:39:49 [INFO]: New WebSocket connection from ::1 (ID: 5fdffr0bzaqll77oorj20r)
2025-05-23 09:39:49 [INFO]: Received subscribe message from 5fdffr0bzaqll77oorj20r
2025-05-23 09:39:50 [INFO]: WebSocket connection closed: 5fdffr0bzaqll77oorj20r
2025-05-23 09:39:50 [INFO]: New WebSocket connection from ::1 (ID: vi9f990i8glo6mmzjkc5ah)
2025-05-23 09:39:50 [INFO]: Received subscribe message from vi9f990i8glo6mmzjkc5ah
2025-05-23 09:39:50 [INFO]: WebSocket connection closed: vi9f990i8glo6mmzjkc5ah
2025-05-23 09:39:50 [INFO]: New WebSocket connection from ::1 (ID: mrq0sme0h1c4nsjv4jir)
2025-05-23 09:39:50 [INFO]: Received subscribe message from mrq0sme0h1c4nsjv4jir
2025-05-23 09:39:50 [INFO]: WebSocket connection closed: mrq0sme0h1c4nsjv4jir
2025-05-23 09:39:50 [INFO]: New WebSocket connection from ::1 (ID: 8poe9phf0eu81yx4ecg69)
2025-05-23 09:39:50 [INFO]: Received subscribe message from 8poe9phf0eu81yx4ecg69
2025-05-23 09:39:50 [INFO]: SIGINT received - shutting down
2025-05-23 09:39:50 [INFO]: WebSocket server closed gracefully
2025-05-23 09:39:53 [INFO]: Logger initialized in development mode
2025-05-23 09:39:53 [INFO]: Log files stored in: C:\Users\Aswanth Rajan\OneDrive\Desktop\project\deployease\backend\logs
2025-05-23 09:39:53 [INFO]: Server running in development mode on port 3000
2025-05-23 09:39:53 [INFO]: WebSocket initialization attempt 1/5
2025-05-23 09:39:53 [INFO]: WebSocket initialization attempt 1/5
2025-05-23 09:39:53 [WARN]: Could not safely determine PID using port 3001, skipping kill step
2025-05-23 09:39:53 [INFO]: WebSocket server is running on port 3001
2025-05-23 09:39:53 [INFO]: WebSocket server successfully initialized on port 3001
2025-05-23 09:39:55 [INFO]: New WebSocket connection from ::1 (ID: l0g4d9yx6us5odjazac5xn)
2025-05-23 09:39:55 [INFO]: WebSocket connection closed: l0g4d9yx6us5odjazac5xn
2025-05-23 09:39:56 [WARN]: Attempted to send message to unknown client: l0g4d9yx6us5odjazac5xn
2025-05-23 09:40:26 [INFO]: New WebSocket connection from ::1 (ID: vdo5cjn36kjx14g75qfea9)
2025-05-23 09:40:26 [INFO]: Received subscribe message from vdo5cjn36kjx14g75qfea9
2025-05-23 09:40:41 [INFO]: Attempting to update redirects (attempt 1/3)
2025-05-23 09:40:41 [INFO]: No build hook configured for main branch, using API deployment
2025-05-23 09:40:42 [ERROR]: Cache purge failed:
2025-05-23 09:40:42 [INFO]: Netlify build started for main
2025-05-23 09:40:45 [INFO]: Deployment successful to main branch
2025-05-23 09:40:45 [ERROR]: Cache purge failed:
2025-05-23 09:40:45 [INFO]: Redirects updated to green branch
2025-05-23 09:40:45 [INFO]: Traffic switched to green
2025-05-23 09:40:47 [INFO]: Attempting to update redirects (attempt 1/3)
2025-05-23 09:40:47 [INFO]: No build hook configured for main branch, using API deployment
2025-05-23 09:40:47 [ERROR]: Cache purge failed:
2025-05-23 09:40:47 [INFO]: Netlify build started for main
2025-05-23 09:40:49 [INFO]: Deployment successful to main branch
2025-05-23 09:40:49 [ERROR]: Cache purge failed:
2025-05-23 09:40:49 [INFO]: Redirects updated to blue branch
2025-05-23 09:40:49 [INFO]: Traffic switched to blue
2025-05-23 09:41:57 [INFO]: SIGINT received - shutting down
2025-05-23 09:41:57 [INFO]: WebSocket server closed gracefully
2025-05-23 10:01:38 [INFO]: Logger initialized in development mode
2025-05-23 10:01:38 [INFO]: Log files stored in: C:\Users\Aswanth Rajan\OneDrive\Desktop\project\deployease\backend\logs
2025-05-23 10:01:38 [INFO]: Server running in development mode on port 3000
2025-05-23 10:01:38 [INFO]: WebSocket initialization attempt 1/5
2025-05-23 10:01:38 [INFO]: WebSocket initialization attempt 1/5
2025-05-23 10:01:38 [INFO]: WebSocket server is running on port 3001
2025-05-23 10:01:38 [INFO]: WebSocket server successfully initialized on port 3001
2025-05-23 10:01:40 [INFO]: New WebSocket connection from ::1 (ID: vy9rlr32fkfqfgkug6jy6)
2025-05-23 10:01:41 [INFO]: Received subscribe message from vy9rlr32fkfqfgkug6jy6
2025-05-23 10:01:47 [INFO]: Attempting to update redirects (attempt 1/3)
2025-05-23 10:01:47 [INFO]: No build hook configured for main branch, using API deployment
2025-05-23 10:01:47 [ERROR]: Cache purge failed:
2025-05-23 10:01:48 [INFO]: Netlify build started for main
2025-05-23 10:01:51 [INFO]: Deployment successful to main branch
2025-05-23 10:01:51 [ERROR]: Cache purge failed:
2025-05-23 10:01:51 [INFO]: Redirects updated to green branch
2025-05-23 10:01:51 [INFO]: Traffic switched to green
2025-05-23 10:01:52 [INFO]: Attempting to update redirects (attempt 1/3)
2025-05-23 10:01:52 [INFO]: No build hook configured for main branch, using API deployment
2025-05-23 10:01:52 [ERROR]: Cache purge failed:
2025-05-23 10:01:52 [INFO]: Netlify build started for main
2025-05-23 10:01:55 [INFO]: Deployment successful to main branch
2025-05-23 10:01:55 [ERROR]: Cache purge failed:
2025-05-23 10:01:55 [INFO]: Redirects updated to blue branch
2025-05-23 10:01:55 [INFO]: Traffic switched to blue
2025-05-23 10:03:22 [INFO]: Attempting to update redirects (attempt 1/3)
2025-05-23 10:03:22 [INFO]: No build hook configured for main branch, using API deployment
2025-05-23 10:03:23 [ERROR]: Cache purge failed:
2025-05-23 10:03:24 [INFO]: Netlify build started for main
2025-05-23 10:03:25 [INFO]: Attempting to update redirects (attempt 1/3)
2025-05-23 10:03:25 [INFO]: No build hook configured for main branch, using API deployment
2025-05-23 10:03:25 [ERROR]: Cache purge failed:
2025-05-23 10:03:25 [INFO]: Netlify build started for main
2025-05-23 10:03:26 [INFO]: Deployment successful to main branch
2025-05-23 10:03:26 [ERROR]: Cache purge failed:
2025-05-23 10:03:26 [INFO]: Redirects updated to green branch
2025-05-23 10:03:26 [INFO]: Traffic switched to green
2025-05-23 10:03:26 [INFO]: Attempting to update redirects (attempt 1/3)
2025-05-23 10:03:26 [INFO]: No build hook configured for main branch, using API deployment
2025-05-23 10:03:26 [INFO]: Attempting to update redirects (attempt 1/3)
2025-05-23 10:03:26 [INFO]: No build hook configured for main branch, using API deployment
2025-05-23 10:03:26 [INFO]: Attempting to update redirects (attempt 1/3)
2025-05-23 10:03:26 [INFO]: No build hook configured for main branch, using API deployment
2025-05-23 10:03:27 [ERROR]: Cache purge failed:
2025-05-23 10:03:27 [ERROR]: Cache purge failed:
2025-05-23 10:03:27 [INFO]: Netlify build started for main
2025-05-23 10:03:27 [INFO]: Netlify build started for main
2025-05-23 10:03:27 [ERROR]: Cache purge failed:
2025-05-23 10:03:27 [INFO]: Netlify build started for main
2025-05-23 10:03:27 [INFO]: Attempting to update redirects (attempt 1/3)
2025-05-23 10:03:27 [INFO]: No build hook configured for main branch, using API deployment
2025-05-23 10:03:27 [ERROR]: Cache purge failed:
2025-05-23 10:03:27 [INFO]: Netlify build started for main
2025-05-23 10:03:28 [INFO]: Deployment successful to main branch
2025-05-23 10:03:28 [ERROR]: Failed to create commit on branch main [65f91487]: Update is not a fast forward
2025-05-23 10:03:28 [ERROR]: Deployment failed [baec5606]: Failed to create commit on branch main. Error ID: 65f91487
2025-05-23 10:03:28 [WARN]: Redirect update attempt 1 failed
2025-05-23 10:03:28 [ERROR]: Cache purge failed:
2025-05-23 10:03:28 [INFO]: Redirects updated to green branch
2025-05-23 10:03:28 [INFO]: Traffic switched to green
2025-05-23 10:03:28 [ERROR]: Failed to create commit on branch main [f831d76f]: Update is not a fast forward
2025-05-23 10:03:28 [ERROR]: Deployment failed [a89b1e73]: Failed to create commit on branch main. Error ID: f831d76f
2025-05-23 10:03:28 [WARN]: Redirect update attempt 1 failed
2025-05-23 10:03:29 [ERROR]: Failed to create commit on branch main [61c41c7d]: Update is not a fast forward
2025-05-23 10:03:29 [ERROR]: Deployment failed [b8b89dd3]: Failed to create commit on branch main. Error ID: 61c41c7d
2025-05-23 10:03:29 [WARN]: Redirect update attempt 1 failed
2025-05-23 10:03:29 [INFO]: Attempting to update redirects (attempt 2/3)
2025-05-23 10:03:29 [ERROR]: Failed to create commit on branch main [28d71a19]: Update is not a fast forward
2025-05-23 10:03:29 [ERROR]: Deployment failed [ff036255]: Failed to create commit on branch main. Error ID: 28d71a19
2025-05-23 10:03:29 [WARN]: Redirect update attempt 1 failed
2025-05-23 10:03:29 [INFO]: Attempting to update redirects (attempt 2/3)
2025-05-23 10:03:30 [INFO]: Attempting to update redirects (attempt 2/3)
2025-05-23 10:03:30 [INFO]: Attempting to update redirects (attempt 2/3)
2025-05-23 10:03:31 [INFO]: Deployment successful to main branch
2025-05-23 10:03:32 [ERROR]: Cache purge failed:
2025-05-23 10:03:32 [INFO]: Redirects updated to blue branch
2025-05-23 10:03:32 [INFO]: Traffic switched to blue
2025-05-23 10:03:32 [ERROR]: Failed to create commit on branch main [fd118851]: Update is not a fast forward
2025-05-23 10:03:32 [ERROR]: Deployment failed [4418cfc8]: Failed to create commit on branch main. Error ID: fd118851
2025-05-23 10:03:32 [WARN]: Redirect update attempt 2 failed
2025-05-23 10:03:32 [ERROR]: Failed to create commit on branch main [71e92efd]: Update is not a fast forward
2025-05-23 10:03:32 [ERROR]: Deployment failed [5a57b869]: Failed to create commit on branch main. Error ID: 71e92efd
2025-05-23 10:03:32 [WARN]: Redirect update attempt 2 failed
2025-05-23 10:03:32 [ERROR]: Failed to create commit on branch main [5d1237f3]: Update is not a fast forward
2025-05-23 10:03:32 [ERROR]: Deployment failed [5409cac3]: Failed to create commit on branch main. Error ID: 5d1237f3
2025-05-23 10:03:32 [WARN]: Redirect update attempt 2 failed
2025-05-23 10:03:34 [INFO]: Attempting to update redirects (attempt 3/3)
2025-05-23 10:03:34 [INFO]: Traffic switched to blue
2025-05-23 10:03:34 [INFO]: Attempting to update redirects (attempt 3/3)
2025-05-23 10:03:34 [INFO]: Traffic switched to blue
2025-05-23 10:03:34 [INFO]: Attempting to update redirects (attempt 3/3)
2025-05-23 10:03:34 [INFO]: Traffic switched to blue
2025-05-23 10:04:08 [INFO]: Attempting to update redirects (attempt 1/3)
2025-05-23 10:04:08 [INFO]: No build hook configured for main branch, using API deployment
2025-05-23 10:04:09 [ERROR]: Cache purge failed:
2025-05-23 10:04:09 [INFO]: Netlify build started for main
2025-05-23 10:04:12 [INFO]: Deployment successful to main branch
2025-05-23 10:04:12 [ERROR]: Cache purge failed:
2025-05-23 10:04:12 [INFO]: Redirects updated to green branch
2025-05-23 10:04:12 [INFO]: Traffic switched to green
2025-05-23 10:05:19 [INFO]: Attempting to update redirects (attempt 1/3)
2025-05-23 10:05:19 [INFO]: No build hook configured for main branch, using API deployment
2025-05-23 10:05:20 [INFO]: WebSocket connection closed: vy9rlr32fkfqfgkug6jy6
2025-05-23 10:05:20 [ERROR]: Cache purge failed:
2025-05-23 10:05:20 [INFO]: Netlify build started for main
2025-05-23 10:05:21 [INFO]: New WebSocket connection from ::1 (ID: 7k903lxl6c9pwi88wyz98n)
2025-05-23 10:05:21 [INFO]: Received subscribe message from 7k903lxl6c9pwi88wyz98n
2025-05-23 10:05:22 [INFO]: Deployment successful to main branch
2025-05-23 10:05:22 [ERROR]: Cache purge failed:
2025-05-23 10:05:22 [INFO]: Redirects updated to blue branch
2025-05-23 10:05:22 [INFO]: Traffic switched to blue
2025-05-23 10:06:50 [INFO]: Attempting to update redirects (attempt 1/3)
2025-05-23 10:06:50 [INFO]: No build hook configured for main branch, using API deployment
2025-05-23 10:06:50 [ERROR]: Cache purge failed:
2025-05-23 10:06:51 [INFO]: Netlify build started for main
2025-05-23 10:06:53 [INFO]: Deployment successful to main branch
2025-05-23 10:06:53 [ERROR]: Cache purge failed:
2025-05-23 10:06:53 [INFO]: Redirects updated to green branch
2025-05-23 10:06:53 [INFO]: Traffic switched to green
2025-05-23 10:06:54 [INFO]: Attempting to update redirects (attempt 1/3)
2025-05-23 10:06:54 [INFO]: No build hook configured for main branch, using API deployment
2025-05-23 10:06:55 [ERROR]: Cache purge failed:
2025-05-23 10:06:55 [INFO]: Netlify build started for main
2025-05-23 10:06:56 [INFO]: Deployment successful to main branch
2025-05-23 10:06:57 [ERROR]: Cache purge failed:
2025-05-23 10:06:57 [INFO]: Redirects updated to blue branch
2025-05-23 10:06:57 [INFO]: Traffic switched to blue
2025-05-23 10:13:26 [INFO]: New deployment request received
2025-05-23 10:13:30 [INFO]: Deployment successful to blue branch
2025-05-23 10:13:30 [INFO]: Triggering build hook for blue branch: https://api.netlify....
2025-05-23 10:13:31 [ERROR]: Failed to trigger deployment for branch blue:
2025-05-23 10:13:31 [ERROR]: Deployment failed
2025-05-23 10:15:04 [INFO]: SIGINT received - shutting down
2025-05-23 10:15:04 [INFO]: WebSocket server closed gracefully
2025-05-23 10:23:36 [INFO]: Logger initialized in development mode
2025-05-23 10:23:36 [INFO]: Log files stored in: C:\Users\Aswanth Rajan\OneDrive\Desktop\project\deployease\backend\logs
2025-05-23 10:23:36 [INFO]: Server running in development mode on port 3000
2025-05-23 10:23:36 [INFO]: WebSocket initialization attempt 1/5
2025-05-23 10:23:36 [INFO]: WebSocket initialization attempt 1/5
2025-05-23 10:23:36 [INFO]: WebSocket server is running on port 3001
2025-05-23 10:23:36 [INFO]: WebSocket server successfully initialized on port 3001
2025-05-23 10:23:38 [INFO]: New WebSocket connection from ::1 (ID: go4xoac164955iknn001t3)
2025-05-23 10:23:38 [INFO]: Received subscribe message from go4xoac164955iknn001t3
2025-05-23 10:23:51 [INFO]: Attempting to update redirects (attempt 1/3)
2025-05-23 10:23:51 [INFO]: No build hook configured for main branch, using API deployment
2025-05-23 10:23:52 [ERROR]: Cache purge failed:
2025-05-23 10:23:52 [INFO]: Netlify build started for main
2025-05-23 10:23:56 [INFO]: Deployment successful to main branch
2025-05-23 10:23:56 [ERROR]: Cache purge failed:
2025-05-23 10:23:56 [INFO]: Redirects updated to green branch
2025-05-23 10:23:56 [INFO]: Traffic switched to green
2025-05-23 10:23:58 [INFO]: Attempting to update redirects (attempt 1/3)
2025-05-23 10:23:58 [INFO]: No build hook configured for main branch, using API deployment
2025-05-23 10:23:58 [ERROR]: Cache purge failed:
2025-05-23 10:23:58 [INFO]: Netlify build started for main
2025-05-23 10:24:04 [INFO]: Deployment successful to main branch
2025-05-23 10:24:05 [ERROR]: Cache purge failed:
2025-05-23 10:24:05 [INFO]: Redirects updated to blue branch
2025-05-23 10:24:05 [INFO]: Traffic switched to blue
2025-05-23 10:34:32 [INFO]: WebSocket connection closed: go4xoac164955iknn001t3
2025-05-23 10:36:18 [INFO]: New WebSocket connection from ::1 (ID: w321bk9xs1pksy887bd0u)
2025-05-23 10:36:18 [INFO]: Received subscribe message from w321bk9xs1pksy887bd0u
2025-05-23 10:36:30 [INFO]: WebSocket connection closed: w321bk9xs1pksy887bd0u
2025-05-23 10:36:31 [INFO]: SIGINT received - shutting down
